<?xml version="1.0" encoding="UTF-8"?>
<!-- Generated by org.testng.reporters.JUnitReportReporter -->
<testsuite hostname="DESKTOP-JHMLI0H" failures="0" tests="1" name="classwork.popup.TakeScreenshotEg" time="10.620" errors="0" timestamp="2023-07-12T00:14:03 IST" skipped="0">
  <testcase classname="classwork.popup.TakeScreenshotEg" name="textScreenshot" time="10.620"/>
  <system-out/>
</testsuite> <!-- classwork.popup.TakeScreenshotEg -->
