<?xml version="1.0" encoding="UTF-8"?>
<!-- Generated by org.testng.reporters.JUnitReportReporter -->
<testsuite hostname="DESKTOP-JHMLI0H" failures="0" tests="2" name="testNG.DemoTestNG" time="0.027" errors="0" timestamp="2023-07-06T18:35:50 IST" skipped="0">
  <testcase classname="testNG.DemoTestNG" name="demo2" time="0.004"/>
  <system-out>
    <![CDATA[hello world 2]]>
  </system-out>
  <testcase classname="testNG.DemoTestNG" name="demo" time="0.023"/>
  <system-out>
    <![CDATA[hello world]]>
  </system-out>
</testsuite> <!-- testNG.DemoTestNG -->
