<?xml version="1.0" encoding="UTF-8"?>
<!-- Generated by org.testng.reporters.JUnitReportReporter -->
<testsuite hostname="DESKTOP-JHMLI0H" failures="0" tests="3" name="dropdowns.GetFirstLastMethod" time="0.972" errors="0" timestamp="2023-07-15T16:20:35 IST" skipped="0">
  <testcase classname="dropdowns.GetFirstLastMethod" name="allselected" time="0.708"/>
  <system-out>
    <![CDATA[Volvo
Swift]]>
  </system-out>
  <testcase classname="dropdowns.GetFirstLastMethod" name="first" time="0.180"/>
  <system-out>
    <![CDATA[Older Newsletters]]>
  </system-out>
  <testcase classname="dropdowns.GetFirstLastMethod" name="wrap" time="0.084"/>
  <system-out>
    <![CDATA[Volvo
Swift
Hyundai
Audi]]>
  </system-out>
</testsuite> <!-- dropdowns.GetFirstLastMethod -->
