<?xml version="1.0" encoding="UTF-8"?>
<!-- Generated by org.testng.reporters.JUnitReportReporter -->
<testsuite hostname="DESKTOP-JHMLI0H" failures="0" tests="3" name="com.actitime.create.CreateProject" time="0.008" errors="0" timestamp="2023-07-06T19:11:01 IST" skipped="0">
  <testcase classname="com.actitime.create.CreateProject" name="modifyProject" time="0.003"/>
  <system-out>
    <![CDATA[Modify Project]]>
  </system-out>
  <testcase classname="com.actitime.create.CreateProject" name="projectCreate" time="0.001"/>
  <system-out>
    <![CDATA[Create Project]]>
  </system-out>
  <testcase classname="com.actitime.create.CreateProject" name="deleteProject" time="0.004"/>
  <system-out>
    <![CDATA[Delete Project]]>
  </system-out>
</testsuite> <!-- com.actitime.create.CreateProject -->
