<?xml version="1.0" encoding="UTF-8"?>
<!-- Generated by org.testng.reporters.JUnitReportReporter -->
<testsuite hostname="DESKTOP-JHMLI0H" failures="0" tests="1" name="POM.TestMethodClass" time="12.059" errors="0" timestamp="2023-07-14T19:09:58 IST" skipped="0">
  <testcase classname="POM.TestMethodClass" name="validLogin" time="12.059"/>
  <system-out/>
</testsuite> <!-- POM.TestMethodClass -->
