<?xml version="1.0" encoding="UTF-8"?>
<!-- Generated by org.testng.reporters.JUnitReportReporter -->
<testsuite hostname="DESKTOP-JHMLI0H" failures="0" tests="3" name="com.actitime.create.CreateCustomer" time="0.034" errors="0" timestamp="2023-07-06T19:11:01 IST" skipped="0">
  <testcase classname="com.actitime.create.CreateCustomer" name="CustomerCreate" time="0.022"/>
  <system-out>
    <![CDATA[hi
hello
hai
create customer]]>
  </system-out>
  <testcase classname="com.actitime.create.CreateCustomer" name="deleteCustomer" time="0.006"/>
  <system-out>
    <![CDATA[Delete Customer]]>
  </system-out>
  <testcase classname="com.actitime.create.CreateCustomer" name="modifyCustomer" time="0.006"/>
  <system-out>
    <![CDATA[Modify customer]]>
  </system-out>
</testsuite> <!-- com.actitime.create.CreateCustomer -->
