<?xml version="1.0" encoding="UTF-8"?>
<!-- Generated by org.testng.reporters.JUnitReportReporter -->
<testsuite hostname="DESKTOP-JHMLI0H" failures="0" tests="1" name="dropdowns.GetOptionsMethod" time="0.262" errors="0" timestamp="2023-07-15T13:17:53 IST" skipped="0">
  <testcase classname="dropdowns.GetOptionsMethod" name="optionList" time="0.262"/>
  <system-out>
    <![CDATA[Older Newsletters
doc 1
doc 2
doc 3
doc 4]]>
  </system-out>
</testsuite> <!-- dropdowns.GetOptionsMethod -->
